# JRE version: Java(TM) SE Runtime Environment (8.0_101-b13) (build 1.8.0_101-b13)
# Java VM: Java HotSpot(TM) 64-Bit Server VM (25.101-b13 mixed mode windows-amd64 compressed oops)
Heap:
 PSYoungGen      total 28672K, used 1034K [0x0000000780600000, 0x0000000782300000, 0x00000007c0000000)
  eden space 27648K, 2% used [0x0000000780600000,0x000000078068aad0,0x0000000782100000)
  from space 1024K, 46% used [0x0000000782100000,0x0000000782178000,0x0000000782200000)
  to   space 1024K, 0% used [0x0000000782200000,0x0000000782200000,0x0000000782300000)
 ParOldGen       total 131072K, used 43545K [0x0000000701200000, 0x0000000709200000, 0x0000000780600000)
  object space 131072K, 33% used [0x0000000701200000,0x0000000703c86430,0x0000000709200000)
 Metaspace       used 7635K, capacity 7813K, committed 8064K, reserved 1056768K
  class space    used 745K, capacity 825K, committed 896K, reserved 1048576K
GC Heap History (10 events):
Event: 378.839 GC heap before
{Heap before GC invocations=115 (full 0):
 PSYoungGen      total 28672K, used 28192K [0x0000000780600000, 0x0000000782300000, 0x00000007c0000000)
  eden space 27648K, 100% used [0x0000000780600000,0x0000000782100000,0x0000000782100000)
  from space 1024K, 53% used [0x0000000782200000,0x0000000782288000,0x0000000782300000)
  to   space 1024K, 0% used [0x0000000782100000,0x0000000782100000,0x0000000782200000)
 ParOldGen       total 131072K, used 39427K [0x0000000701200000, 0x0000000709200000, 0x0000000780600000)
  object space 131072K, 30% used [0x0000000701200000,0x0000000703880ec8,0x0000000709200000)
 Metaspace       used 7635K, capacity 7813K, committed 8064K, reserved 1056768K
  class space    used 745K, capacity 825K, committed 896K, reserved 1048576K
Event: 378.847 GC heap after
Heap after GC invocations=115 (full 0):
 PSYoungGen      total 28672K, used 512K [0x0000000780600000, 0x0000000782300000, 0x00000007c0000000)
  eden space 27648K, 0% used [0x0000000780600000,0x0000000780600000,0x0000000782100000)
  from space 1024K, 50% used [0x0000000782100000,0x0000000782180000,0x0000000782200000)
  to   space 1024K, 0% used [0x0000000782200000,0x0000000782200000,0x0000000782300000)
 ParOldGen       total 131072K, used 39611K [0x0000000701200000, 0x0000000709200000, 0x0000000780600000)
  object space 131072K, 30% used [0x0000000701200000,0x00000007038aeec8,0x0000000709200000)
 Metaspace       used 7635K, capacity 7813K, committed 8064K, reserved 1056768K
  class space    used 745K, capacity 825K, committed 896K, reserved 1048576K
}
Event: 381.615 GC heap before
{Heap before GC invocations=116 (full 0):
 PSYoungGen      total 28672K, used 28160K [0x0000000780600000, 0x0000000782300000, 0x00000007c0000000)
  eden space 27648K, 100% used [0x0000000780600000,0x0000000782100000,0x0000000782100000)
  from space 1024K, 50% used [0x0000000782100000,0x0000000782180000,0x0000000782200000)
  to   space 1024K, 0% used [0x0000000782200000,0x0000000782200000,0x0000000782300000)
 ParOldGen       total 131072K, used 39611K [0x0000000701200000, 0x0000000709200000, 0x0000000780600000)
  object space 131072K, 30% used [0x0000000701200000,0x00000007038aeec8,0x0000000709200000)
 Metaspace       used 7635K, capacity 7813K, committed 8064K, reserved 1056768K
  class space    used 745K, capacity 825K, committed 896K, reserved 1048576K
Event: 381.623 GC heap after
Heap after GC invocations=116 (full 0):
 PSYoungGen      total 28672K, used 544K [0x0000000780600000, 0x0000000782300000, 0x00000007c0000000)
  eden space 27648K, 0% used [0x0000000780600000,0x0000000780600000,0x0000000782100000)
  from space 1024K, 53% used [0x0000000782200000,0x0000000782288000,0x0000000782300000)
  to   space 1024K, 0% used [0x0000000782100000,0x0000000782100000,0x0000000782200000)
 ParOldGen       total 131072K, used 39803K [0x0000000701200000, 0x0000000709200000, 0x0000000780600000)
  object space 131072K, 30% used [0x0000000701200000,0x00000007038deec8,0x0000000709200000)
 Metaspace       used 7635K, capacity 7813K, committed 8064K, reserved 1056768K
  class space    used 745K, capacity 825K, committed 896K, reserved 1048576K
}
Event: 384.256 GC heap before
{Heap before GC invocations=117 (full 0):
 PSYoungGen      total 28672K, used 28192K [0x0000000780600000, 0x0000000782300000, 0x00000007c0000000)
  eden space 27648K, 100% used [0x0000000780600000,0x0000000782100000,0x0000000782100000)
  from space 1024K, 53% used [0x0000000782200000,0x0000000782288000,0x0000000782300000)
  to   space 1024K, 0% used [0x0000000782100000,0x0000000782100000,0x0000000782200000)
 ParOldGen       total 131072K, used 39803K [0x0000000701200000, 0x0000000709200000, 0x0000000780600000)
  object space 131072K, 30% used [0x0000000701200000,0x00000007038deec8,0x0000000709200000)
 Metaspace       used 7635K, capacity 7813K, committed 8064K, reserved 1056768K
  class space    used 745K, capacity 825K, committed 896K, reserved 1048576K
Event: 384.263 GC heap after
Heap after GC invocations=117 (full 0):
 PSYoungGen      total 28672K, used 512K [0x0000000780600000, 0x0000000782300000, 0x00000007c0000000)
  eden space 27648K, 0% used [0x0000000780600000,0x0000000780600000,0x0000000782100000)
  from space 1024K, 50% used [0x0000000782100000,0x0000000782180000,0x0000000782200000)
  to   space 1024K, 0% used [0x0000000782200000,0x0000000782200000,0x0000000782300000)
 ParOldGen       total 131072K, used 39995K [0x0000000701200000, 0x0000000709200000, 0x0000000780600000)
  object space 131072K, 30% used [0x0000000701200000,0x000000070390eec8,0x0000000709200000)
 Metaspace       used 7635K, capacity 7813K, committed 8064K, reserved 1056768K
  class space    used 745K, capacity 825K, committed 896K, reserved 1048576K
}
Event: 387.065 GC heap before
{Heap before GC invocations=118 (full 0):
 PSYoungGen      total 28672K, used 28160K [0x0000000780600000, 0x0000000782300000, 0x00000007c0000000)
  eden space 27648K, 100% used [0x0000000780600000,0x0000000782100000,0x0000000782100000)
  from space 1024K, 50% used [0x0000000782100000,0x0000000782180000,0x0000000782200000)
  to   space 1024K, 0% used [0x0000000782200000,0x0000000782200000,0x0000000782300000)
 ParOldGen       total 131072K, used 39995K [0x0000000701200000, 0x0000000709200000, 0x0000000780600000)
  object space 131072K, 30% used [0x0000000701200000,0x000000070390eec8,0x0000000709200000)
 Metaspace       used 7635K, capacity 7813K, committed 8064K, reserved 1056768K
  class space    used 745K, capacity 825K, committed 896K, reserved 1048576K
Event: 387.073 GC heap after
Heap after GC invocations=118 (full 0):
 PSYoungGen      total 28672K, used 512K [0x0000000780600000, 0x0000000782300000, 0x00000007c0000000)
  eden space 27648K, 0% used [0x0000000780600000,0x0000000780600000,0x0000000782100000)
  from space 1024K, 50% used [0x0000000782200000,0x0000000782280000,0x0000000782300000)
  to   space 1024K, 0% used [0x0000000782100000,0x0000000782100000,0x0000000782200000)
 ParOldGen       total 131072K, used 40187K [0x0000000701200000, 0x0000000709200000, 0x0000000780600000)
  object space 131072K, 30% used [0x0000000701200000,0x000000070393eec8,0x0000000709200000)
 Metaspace       used 7635K, capacity 7813K, committed 8064K, reserved 1056768K
  class space    used 745K, capacity 825K, committed 896K, reserved 1048576K
}
Event: 389.590 GC heap before
{Heap before GC invocations=119 (full 0):
 PSYoungGen      total 28672K, used 28160K [0x0000000780600000, 0x0000000782300000, 0x00000007c0000000)
  eden space 27648K, 100% used [0x0000000780600000,0x0000000782100000,0x0000000782100000)
  from space 1024K, 50% used [0x0000000782200000,0x0000000782280000,0x0000000782300000)
  to   space 1024K, 0% used [0x0000000782100000,0x0000000782100000,0x0000000782200000)
 ParOldGen       total 131072K, used 40187K [0x0000000701200000, 0x0000000709200000, 0x0000000780600000)
  object space 131072K, 30% used [0x0000000701200000,0x000000070393eec8,0x0000000709200000)
 Metaspace       used 7635K, capacity 7813K, committed 8064K, reserved 1056768K
  class space    used 745K, capacity 825K, committed 896K, reserved 1048576K
Event: 389.605 GC heap after
Heap after GC invocations=119 (full 0):
 PSYoungGen      total 28672K, used 480K [0x0000000780600000, 0x0000000782300000, 0x00000007c0000000)
  eden space 27648K, 0% used [0x0000000780600000,0x0000000780600000,0x0000000782100000)
  from space 1024K, 46% used [0x0000000782100000,0x0000000782178000,0x0000000782200000)
  to   space 1024K, 0% used [0x0000000782200000,0x0000000782200000,0x0000000782300000)
 ParOldGen       total 131072K, used 43545K [0x0000000701200000, 0x0000000709200000, 0x0000000780600000)
  object space 131072K, 33% used [0x0000000701200000,0x0000000703c86430,0x0000000709200000)
 Metaspace       used 7635K, capacity 7813K, committed 8064K, reserved 1056768K
  class space    used 745K, capacity 825K, committed 896K, reserved 1048576K
}

